Programacion Multimedia/LitMind/app/build/intermediates/manifest_merge_blame_file/debug/processDebugMainManifest/manifest-merger-blame-debug-report.txt
1<?xml version="1.0" encoding="utf-8"?>
2<manifest xmlns:android="http://schemas.android.com/apk/res/android"
3    package="es.ejemplo.android.litmind"
4    android:versionCode="1"
5    android:versionName="1.0" >
6
7    <uses-sdk
8        android:minSdkVersion="23"
9        android:targetSdkVersion="36" />
10
11    <permission
11-->[androidx.core:core:1.13.0] AndroidManifest.xml:22:5-24:47
12        android:name="es.ejemplo.android.litmind.DYNAMIC_RECEIVER_NOT_EXPORTED_PERMISSION"
12-->[androidx.core:core:1.13.0] AndroidManifest.xml:23:9-81
13        android:protectionLevel="signature" />
13-->[androidx.core:core:1.13.0] AndroidManifest.xml:24:9-44
14
15    <uses-permission android:name="es.ejemplo.android.litmind.DYNAMIC_RECEIVER_NOT_EXPORTED_PERMISSION" />
15-->[androidx.core:core:1.13.0] AndroidManifest.xml:26:5-97
15-->[androidx.core:core:1.13.0] AndroidManifest.xml:26:22-94
16
17    <application
17-->src\main\AndroidManifest.xml:5:5-60:19
18        android:allowBackup="true"
18-->src\main\AndroidManifest.xml:6:9-35
19        android:appComponentFactory="androidx.core.app.CoreComponentFactory"
19-->[androidx.core:core:1.13.0] AndroidManifest.xml:28:18-86
20        android:dataExtractionRules="@xml/data_extraction_rules"
20-->src\main\AndroidManifest.xml:7:9-65
21        android:debuggable="true"
22        android:extractNativeLibs="false"
23        android:fullBackupContent="@xml/backup_rules"
23-->src\main\AndroidManifest.xml:8:9-54
24        android:icon="@mipmap/ic_launcher"
24-->src\main\AndroidManifest.xml:9:9-43
25        android:label="@string/app_name"
25-->src\main\AndroidManifest.xml:10:9-41
26        android:roundIcon="@mipmap/ic_launcher_round"
26-->src\main\AndroidManifest.xml:11:9-54
27        android:supportsRtl="true"
27-->src\main\AndroidManifest.xml:12:9-35
28        android:testOnly="true"
29        android:theme="@style/Theme.LitMind" >
29-->src\main\AndroidManifest.xml:13:9-45
30        <activity
30-->src\main\AndroidManifest.xml:14:9-16:40
31            android:name="es.ejemplo.android.litmind.RegisterActivity"
31-->src\main\AndroidManifest.xml:15:13-45
32            android:exported="false" />
32-->src\main\AndroidManifest.xml:16:13-37
33        <activity
33-->src\main\AndroidManifest.xml:17:9-19:40
34            android:name="es.ejemplo.android.litmind.ReadingActivity"
34-->src\main\AndroidManifest.xml:18:13-44
35            android:exported="false" />
35-->src\main\AndroidManifest.xml:19:13-37
36        <activity
36-->src\main\AndroidManifest.xml:20:9-22:40
37            android:name="es.ejemplo.android.litmind.ProfileActivity"
37-->src\main\AndroidManifest.xml:21:13-44
38            android:exported="false" />
38-->src\main\AndroidManifest.xml:22:13-37
39        <activity
39-->src\main\AndroidManifest.xml:23:9-25:40
40            android:name="es.ejemplo.android.litmind.StatsActivity"
40-->src\main\AndroidManifest.xml:24:13-42
41            android:exported="false" />
41-->src\main\AndroidManifest.xml:25:13-37
42        <activity
42-->src\main\AndroidManifest.xml:26:9-28:40
43            android:name="es.ejemplo.android.litmind.CommunityActivity"
43-->src\main\AndroidManifest.xml:27:13-46
44            android:exported="false" />
44-->src\main\AndroidManifest.xml:28:13-37
45        <activity
45-->src\main\AndroidManifest.xml:29:9-31:40
46            android:name="es.ejemplo.android.litmind.LibraryActivity"
46-->src\main\AndroidManifest.xml:30:13-44
47            android:exported="false" />
47-->src\main\AndroidManifest.xml:31:13-37
48        <activity
48-->src\main\AndroidManifest.xml:32:9-34:40
49            android:name="es.ejemplo.android.litmind.LoginActivity"
49-->src\main\AndroidManifest.xml:33:13-42
50            android:exported="false" />
50-->src\main\AndroidManifest.xml:34:13-37
51        <activity
51-->src\main\AndroidManifest.xml:35:9-37:40
52            android:name="es.ejemplo.android.litmind.RoleSelectionActivity"
52-->src\main\AndroidManifest.xml:36:13-50
53            android:exported="false" />
53-->src\main\AndroidManifest.xml:37:13-37
54        <activity
54-->src\main\AndroidManifest.xml:38:9-41:20
55            android:name="es.ejemplo.android.litmind.MainActivity"
55-->src\main\AndroidManifest.xml:39:13-41
56            android:exported="false" >
56-->src\main\AndroidManifest.xml:40:13-37
57        </activity>
58        <!--
59 Desde aquí voy definir todas las activities que
60         voy a usar en el proyecto y poco a poco iré añadiendo la lógica de cada una
61        -->
62        <!-- Splash Activity (Pantalla de inicio) -->
63        <activity
63-->src\main\AndroidManifest.xml:47:9-56:20
64            android:name="es.ejemplo.android.litmind.PantallaCarga"
64-->src\main\AndroidManifest.xml:48:13-42
65            android:exported="true"
65-->src\main\AndroidManifest.xml:49:13-36
66            android:theme="@style/Theme.LitMind.Splash" >
66-->src\main\AndroidManifest.xml:50:13-56
67            <intent-filter>
67-->src\main\AndroidManifest.xml:51:13-55:29
68                <action android:name="android.intent.action.MAIN" />
68-->src\main\AndroidManifest.xml:52:17-69
68-->src\main\AndroidManifest.xml:52:25-66
69
70                <category android:name="android.intent.category.LAUNCHER" />
70-->src\main\AndroidManifest.xml:54:17-77
70-->src\main\AndroidManifest.xml:54:27-74
71            </intent-filter>
72        </activity>
73        <activity
73-->src\main\AndroidManifest.xml:57:9-59:40
74            android:name="es.ejemplo.android.litmind.OnboardingActivity"
74-->src\main\AndroidManifest.xml:58:13-47
75            android:exported="false" />
75-->src\main\AndroidManifest.xml:59:13-37
76
77        <provider
77-->[androidx.emoji2:emoji2:1.3.0] AndroidManifest.xml:24:9-32:20
78            android:name="androidx.startup.InitializationProvider"
78-->[androidx.emoji2:emoji2:1.3.0] AndroidManifest.xml:25:13-67
79            android:authorities="es.ejemplo.android.litmind.androidx-startup"
79-->[androidx.emoji2:emoji2:1.3.0] AndroidManifest.xml:26:13-68
80            android:exported="false" >
80-->[androidx.emoji2:emoji2:1.3.0] AndroidManifest.xml:27:13-37
81            <meta-data
81-->[androidx.emoji2:emoji2:1.3.0] AndroidManifest.xml:29:13-31:52
82                android:name="androidx.emoji2.text.EmojiCompatInitializer"
82-->[androidx.emoji2:emoji2:1.3.0] AndroidManifest.xml:30:17-75
83                android:value="androidx.startup" />
83-->[androidx.emoji2:emoji2:1.3.0] AndroidManifest.xml:31:17-49
84            <meta-data
84-->[androidx.lifecycle:lifecycle-process:2.6.2] AndroidManifest.xml:29:13-31:52
85                android:name="androidx.lifecycle.ProcessLifecycleInitializer"
85-->[androidx.lifecycle:lifecycle-process:2.6.2] AndroidManifest.xml:30:17-78
86                android:value="androidx.startup" />
86-->[androidx.lifecycle:lifecycle-process:2.6.2] AndroidManifest.xml:31:17-49
87            <meta-data
87-->[androidx.profileinstaller:profileinstaller:1.4.0] AndroidManifest.xml:29:13-31:52
88                android:name="androidx.profileinstaller.ProfileInstallerInitializer"
88-->[androidx.profileinstaller:profileinstaller:1.4.0] AndroidManifest.xml:30:17-85
89                android:value="androidx.startup" />
89-->[androidx.profileinstaller:profileinstaller:1.4.0] AndroidManifest.xml:31:17-49
90        </provider>
91
92        <receiver
92-->[androidx.profileinstaller:profileinstaller:1.4.0] AndroidManifest.xml:34:9-52:20
93            android:name="androidx.profileinstaller.ProfileInstallReceiver"
93-->[androidx.profileinstaller:profileinstaller:1.4.0] AndroidManifest.xml:35:13-76
94            android:directBootAware="false"
94-->[androidx.profileinstaller:profileinstaller:1.4.0] AndroidManifest.xml:36:13-44
95            android:enabled="true"
95-->[androidx.profileinstaller:profileinstaller:1.4.0] AndroidManifest.xml:37:13-35
96            android:exported="true"
96-->[androidx.profileinstaller:profileinstaller:1.4.0] AndroidManifest.xml:38:13-36
97            android:permission="android.permission.DUMP" >
97-->[androidx.profileinstaller:profileinstaller:1.4.0] AndroidManifest.xml:39:13-57
98            <intent-filter>
98-->[androidx.profileinstaller:profileinstaller:1.4.0] AndroidManifest.xml:40:13-42:29
99                <action android:name="androidx.profileinstaller.action.INSTALL_PROFILE" />
99-->[androidx.profileinstaller:profileinstaller:1.4.0] AndroidManifest.xml:41:17-91
99-->[androidx.profileinstaller:profileinstaller:1.4.0] AndroidManifest.xml:41:25-88
100            </intent-filter>
101            <intent-filter>
101-->[androidx.profileinstaller:profileinstaller:1.4.0] AndroidManifest.xml:43:13-45:29
102                <action android:name="androidx.profileinstaller.action.SKIP_FILE" />
102-->[androidx.profileinstaller:profileinstaller:1.4.0] AndroidManifest.xml:44:17-85
102-->[androidx.profileinstaller:profileinstaller:1.4.0] AndroidManifest.xml:44:25-82
103            </intent-filter>
104            <intent-filter>
104-->[androidx.profileinstaller:profileinstaller:1.4.0] AndroidManifest.xml:46:13-48:29
105                <action android:name="androidx.profileinstaller.action.SAVE_PROFILE" />
105-->[androidx.profileinstaller:profileinstaller:1.4.0] AndroidManifest.xml:47:17-88
105-->[androidx.profileinstaller:profileinstaller:1.4.0] AndroidManifest.xml:47:25-85
106            </intent-filter>
107            <intent-filter>
107-->[androidx.profileinstaller:profileinstaller:1.4.0] AndroidManifest.xml:49:13-51:29
108                <action android:name="androidx.profileinstaller.action.BENCHMARK_OPERATION" />
108-->[androidx.profileinstaller:profileinstaller:1.4.0] AndroidManifest.xml:50:17-95
108-->[androidx.profileinstaller:profileinstaller:1.4.0] AndroidManifest.xml:50:25-92
109            </intent-filter>
110        </receiver>
111    </application>
112
113</manifest>